
> blissful-place-residences@0.1.0 dev
> next dev --webpack --port 5000

▲ Next.js 16.1.6 (webpack)
- Local:         http://localhost:5000
- Network:       http://10.32.101.180:5000

✓ Starting...
✓ Ready in 5.6s
○ Compiling / ...
 GET / 200 in 8.7s (compile: 7.7s, render: 980ms)
 GET / 200 in 304ms (compile: 17ms, render: 287ms)
 GET / 200 in 407ms (compile: 5ms, render: 402ms)
 GET /book 200 in 2.8s (compile: 2.6s, render: 182ms)
 GET / 200 in 136ms (compile: 15ms, render: 121ms)
 GET / 200 in 179ms (compile: 7ms, render: 172ms)
 GET / 200 in 413ms (compile: 179ms, render: 234ms)
 GET / 200 in 342ms (compile: 148ms, render: 194ms)
 GET / 200 in 368ms (compile: 92ms, render: 276ms)
○ Compiling /_error ...
 GET / 500 in 11.5s (compile: 11.1s, render: 446ms)
 GET / 500 in 44ms (compile: 18ms, render: 26ms)
 GET / 500 in 48ms (compile: 14ms, render: 35ms)
 GET / 500 in 48ms (compile: 12ms, render: 36ms)
 GET / 200 in 1150ms (compile: 230ms, render: 920ms)
 GET / 200 in 299ms (compile: 6ms, render: 293ms)
 GET /about 200 in 2.6s (compile: 2.2s, render: 330ms)
 GET /contact 200 in 1700ms (compile: 1449ms, render: 251ms)
 GET /availability 200 in 2.1s (compile: 1891ms, render: 248ms)
 GET /tour 200 in 1627ms (compile: 1429ms, render: 198ms)
 GET /guide 200 in 1569ms (compile: 1373ms, render: 197ms)
○ Compiling /blog ...
[05:08:14] [33mWARN[39m: [36mNo email adapter provided. Email will be written to console. More info at https://payloadcms.com/docs/email/overview.[39m
 GET /blog 200 in 20.6s (compile: 15.1s, render: 5.5s)
 GET / 200 in 1014ms (compile: 92ms, render: 923ms)
 GET / 200 in 337ms (compile: 151ms, render: 186ms)
 GET / 200 in 611ms (compile: 7ms, render: 604ms)
 GET /about 200 in 129ms (compile: 19ms, render: 110ms)
 GET /contact 200 in 147ms (compile: 15ms, render: 132ms)
