
> blissful-place-residences@0.1.0 dev
> next dev --webpack --port 5000

▲ Next.js 16.1.6 (webpack)
- Local:         http://localhost:5000
- Network:       http://10.32.101.180:5000
- Environments: .env.local

✓ Starting...
✓ Ready in 3s
 GET / 200 in 4.8s (compile: 2.6s, render: 2.2s)
 GET / 200 in 193ms (compile: 10ms, render: 182ms)
○ Compiling /blog ...
[19:21:57] [33mWARN[39m: [36mNo email adapter provided. Email will be written to console. More info at https://payloadcms.com/docs/email/overview.[39m
 GET /blog 200 in 8.0s (compile: 4.5s, render: 3.5s)
 GET / 200 in 420ms (compile: 23ms, render: 397ms)
 GET / 200 in 372ms (compile: 11ms, render: 361ms)
 GET /blog 200 in 184ms (compile: 4ms, render: 180ms)
 GET /blog 200 in 2.4s (compile: 1716ms, render: 706ms)
 GET / 200 in 215ms (compile: 114ms, render: 101ms)
Generating import map
 GET /blog 200 in 2.6s (compile: 1160ms, render: 1409ms)
 GET / 200 in 407ms (compile: 267ms, render: 140ms)
[20:32:03] [32mINFO[39m: [36mYou are not allowed to perform this action.[39m
 GET /cms/api/blog-posts?where%5Bstatus%5D%5Bequals%5D=published&depth=1&limit=1 403 in 6.4s (compile: 6.4s, render: 35ms)
 GET /blog 200 in 2.6s (compile: 1887ms, render: 687ms)
 GET / 200 in 190ms (compile: 26ms, render: 164ms)
Generating import map
 GET /blog/blog-how-to-choose-the-right-short-let-in-lagos 200 in 7.5s (compile: 6.3s, render: 1206ms)
 GET /blog?topic=stay-experience 200 in 280ms (compile: 37ms, render: 243ms)
 GET /blog 200 in 544ms (compile: 340ms, render: 204ms)
